<?xml version="1.0" encoding="UTF-8"?>
<!-- Generated by org.testng.reporters.JUnitReportReporter -->
<testsuite skipped="0" hostname="AQMIT-DSK-10159" name="baseClass.FirstParallelTest" tests="1" failures="0" timestamp="25 Apr 2022 08:56:05 GMT" time="143.728" errors="0">
  <testcase name="firstExecution" time="143.728" classname="baseClass.FirstParallelTest"/>
</testsuite> <!-- baseClass.FirstParallelTest -->
